C:\USERS\USER\DOCUMENTS\VISUAL STUDIO 2010\PROJECTS\SPARSEAUTOENCODER\VS2010\CMAKEFILES\GENERATE.STAMP
C:\USERS\USER\DOCUMENTS\VISUAL STUDIO 2010\PROJECTS\SPARSEAUTOENCODER\VS2010\RELEASE\SPARSEAUTOENCODER.EXE
C:\Users\USER\Documents\Visual Studio 2010\Projects\SparseAutoencoder\vs2010\SparseAutoencoder.dir\Release\cl.command.1.tlog
C:\Users\USER\Documents\Visual Studio 2010\Projects\SparseAutoencoder\vs2010\SparseAutoencoder.dir\Release\CL.read.1.tlog
C:\Users\USER\Documents\Visual Studio 2010\Projects\SparseAutoencoder\vs2010\SparseAutoencoder.dir\Release\CL.write.1.tlog
C:\Users\USER\Documents\Visual Studio 2010\Projects\SparseAutoencoder\vs2010\SparseAutoencoder.dir\Release\custombuild.command.1.tlog
C:\Users\USER\Documents\Visual Studio 2010\Projects\SparseAutoencoder\vs2010\SparseAutoencoder.dir\Release\custombuild.read.1.tlog
C:\Users\USER\Documents\Visual Studio 2010\Projects\SparseAutoencoder\vs2010\SparseAutoencoder.dir\Release\custombuild.write.1.tlog
C:\Users\USER\Documents\Visual Studio 2010\Projects\SparseAutoencoder\vs2010\SparseAutoencoder.dir\Release\link.1176.read.1.tlog
C:\Users\USER\Documents\Visual Studio 2010\Projects\SparseAutoencoder\vs2010\SparseAutoencoder.dir\Release\link.1176.write.1.tlog
C:\Users\USER\Documents\Visual Studio 2010\Projects\SparseAutoencoder\vs2010\SparseAutoencoder.dir\Release\link.1188.read.1.tlog
C:\Users\USER\Documents\Visual Studio 2010\Projects\SparseAutoencoder\vs2010\SparseAutoencoder.dir\Release\link.1188.write.1.tlog
C:\Users\USER\Documents\Visual Studio 2010\Projects\SparseAutoencoder\vs2010\SparseAutoencoder.dir\Release\link.1348.read.1.tlog
C:\Users\USER\Documents\Visual Studio 2010\Projects\SparseAutoencoder\vs2010\SparseAutoencoder.dir\Release\link.1348.write.1.tlog
C:\Users\USER\Documents\Visual Studio 2010\Projects\SparseAutoencoder\vs2010\SparseAutoencoder.dir\Release\link.1532.read.1.tlog
C:\Users\USER\Documents\Visual Studio 2010\Projects\SparseAutoencoder\vs2010\SparseAutoencoder.dir\Release\link.1532.write.1.tlog
C:\Users\USER\Documents\Visual Studio 2010\Projects\SparseAutoencoder\vs2010\SparseAutoencoder.dir\Release\link.1564.read.1.tlog
C:\Users\USER\Documents\Visual Studio 2010\Projects\SparseAutoencoder\vs2010\SparseAutoencoder.dir\Release\link.1564.write.1.tlog
C:\Users\USER\Documents\Visual Studio 2010\Projects\SparseAutoencoder\vs2010\SparseAutoencoder.dir\Release\link.1648.read.1.tlog
C:\Users\USER\Documents\Visual Studio 2010\Projects\SparseAutoencoder\vs2010\SparseAutoencoder.dir\Release\link.1648.write.1.tlog
C:\Users\USER\Documents\Visual Studio 2010\Projects\SparseAutoencoder\vs2010\SparseAutoencoder.dir\Release\link.1672.read.1.tlog
C:\Users\USER\Documents\Visual Studio 2010\Projects\SparseAutoencoder\vs2010\SparseAutoencoder.dir\Release\link.1672.write.1.tlog
C:\Users\USER\Documents\Visual Studio 2010\Projects\SparseAutoencoder\vs2010\SparseAutoencoder.dir\Release\link.1728.read.1.tlog
C:\Users\USER\Documents\Visual Studio 2010\Projects\SparseAutoencoder\vs2010\SparseAutoencoder.dir\Release\link.1728.write.1.tlog
C:\Users\USER\Documents\Visual Studio 2010\Projects\SparseAutoencoder\vs2010\SparseAutoencoder.dir\Release\link.1732.read.1.tlog
C:\Users\USER\Documents\Visual Studio 2010\Projects\SparseAutoencoder\vs2010\SparseAutoencoder.dir\Release\link.1732.write.1.tlog
C:\Users\USER\Documents\Visual Studio 2010\Projects\SparseAutoencoder\vs2010\SparseAutoencoder.dir\Release\link.1924.read.1.tlog
C:\Users\USER\Documents\Visual Studio 2010\Projects\SparseAutoencoder\vs2010\SparseAutoencoder.dir\Release\link.1924.write.1.tlog
C:\Users\USER\Documents\Visual Studio 2010\Projects\SparseAutoencoder\vs2010\SparseAutoencoder.dir\Release\link.1964.read.1.tlog
C:\Users\USER\Documents\Visual Studio 2010\Projects\SparseAutoencoder\vs2010\SparseAutoencoder.dir\Release\link.1964.write.1.tlog
C:\Users\USER\Documents\Visual Studio 2010\Projects\SparseAutoencoder\vs2010\SparseAutoencoder.dir\Release\link.2024.read.1.tlog
C:\Users\USER\Documents\Visual Studio 2010\Projects\SparseAutoencoder\vs2010\SparseAutoencoder.dir\Release\link.2024.write.1.tlog
C:\Users\USER\Documents\Visual Studio 2010\Projects\SparseAutoencoder\vs2010\SparseAutoencoder.dir\Release\link.2028.read.1.tlog
C:\Users\USER\Documents\Visual Studio 2010\Projects\SparseAutoencoder\vs2010\SparseAutoencoder.dir\Release\link.2028.write.1.tlog
C:\Users\USER\Documents\Visual Studio 2010\Projects\SparseAutoencoder\vs2010\SparseAutoencoder.dir\Release\link.2036.read.1.tlog
C:\Users\USER\Documents\Visual Studio 2010\Projects\SparseAutoencoder\vs2010\SparseAutoencoder.dir\Release\link.2036.write.1.tlog
C:\Users\USER\Documents\Visual Studio 2010\Projects\SparseAutoencoder\vs2010\SparseAutoencoder.dir\Release\link.2068.read.1.tlog
C:\Users\USER\Documents\Visual Studio 2010\Projects\SparseAutoencoder\vs2010\SparseAutoencoder.dir\Release\link.2068.write.1.tlog
C:\Users\USER\Documents\Visual Studio 2010\Projects\SparseAutoencoder\vs2010\SparseAutoencoder.dir\Release\link.2084.read.1.tlog
C:\Users\USER\Documents\Visual Studio 2010\Projects\SparseAutoencoder\vs2010\SparseAutoencoder.dir\Release\link.2084.write.1.tlog
C:\Users\USER\Documents\Visual Studio 2010\Projects\SparseAutoencoder\vs2010\SparseAutoencoder.dir\Release\link.2180.read.1.tlog
C:\Users\USER\Documents\Visual Studio 2010\Projects\SparseAutoencoder\vs2010\SparseAutoencoder.dir\Release\link.2180.write.1.tlog
C:\Users\USER\Documents\Visual Studio 2010\Projects\SparseAutoencoder\vs2010\SparseAutoencoder.dir\Release\link.2188.read.1.tlog
C:\Users\USER\Documents\Visual Studio 2010\Projects\SparseAutoencoder\vs2010\SparseAutoencoder.dir\Release\link.2188.write.1.tlog
C:\Users\USER\Documents\Visual Studio 2010\Projects\SparseAutoencoder\vs2010\SparseAutoencoder.dir\Release\link.2348.read.1.tlog
C:\Users\USER\Documents\Visual Studio 2010\Projects\SparseAutoencoder\vs2010\SparseAutoencoder.dir\Release\link.2348.write.1.tlog
C:\Users\USER\Documents\Visual Studio 2010\Projects\SparseAutoencoder\vs2010\SparseAutoencoder.dir\Release\link.2372.read.1.tlog
C:\Users\USER\Documents\Visual Studio 2010\Projects\SparseAutoencoder\vs2010\SparseAutoencoder.dir\Release\link.2372.write.1.tlog
C:\Users\USER\Documents\Visual Studio 2010\Projects\SparseAutoencoder\vs2010\SparseAutoencoder.dir\Release\link.2396.read.1.tlog
C:\Users\USER\Documents\Visual Studio 2010\Projects\SparseAutoencoder\vs2010\SparseAutoencoder.dir\Release\link.2396.write.1.tlog
C:\Users\USER\Documents\Visual Studio 2010\Projects\SparseAutoencoder\vs2010\SparseAutoencoder.dir\Release\link.2612.read.1.tlog
C:\Users\USER\Documents\Visual Studio 2010\Projects\SparseAutoencoder\vs2010\SparseAutoencoder.dir\Release\link.2612.write.1.tlog
C:\Users\USER\Documents\Visual Studio 2010\Projects\SparseAutoencoder\vs2010\SparseAutoencoder.dir\Release\link.2644.read.1.tlog
C:\Users\USER\Documents\Visual Studio 2010\Projects\SparseAutoencoder\vs2010\SparseAutoencoder.dir\Release\link.2644.write.1.tlog
C:\Users\USER\Documents\Visual Studio 2010\Projects\SparseAutoencoder\vs2010\SparseAutoencoder.dir\Release\link.2696.read.1.tlog
C:\Users\USER\Documents\Visual Studio 2010\Projects\SparseAutoencoder\vs2010\SparseAutoencoder.dir\Release\link.2696.write.1.tlog
C:\Users\USER\Documents\Visual Studio 2010\Projects\SparseAutoencoder\vs2010\SparseAutoencoder.dir\Release\link.2708.read.1.tlog
C:\Users\USER\Documents\Visual Studio 2010\Projects\SparseAutoencoder\vs2010\SparseAutoencoder.dir\Release\link.2708.write.1.tlog
C:\Users\USER\Documents\Visual Studio 2010\Projects\SparseAutoencoder\vs2010\SparseAutoencoder.dir\Release\link.2712.read.1.tlog
C:\Users\USER\Documents\Visual Studio 2010\Projects\SparseAutoencoder\vs2010\SparseAutoencoder.dir\Release\link.2712.write.1.tlog
C:\Users\USER\Documents\Visual Studio 2010\Projects\SparseAutoencoder\vs2010\SparseAutoencoder.dir\Release\link.2716.read.1.tlog
C:\Users\USER\Documents\Visual Studio 2010\Projects\SparseAutoencoder\vs2010\SparseAutoencoder.dir\Release\link.2716.write.1.tlog
C:\Users\USER\Documents\Visual Studio 2010\Projects\SparseAutoencoder\vs2010\SparseAutoencoder.dir\Release\link.2732.read.1.tlog
C:\Users\USER\Documents\Visual Studio 2010\Projects\SparseAutoencoder\vs2010\SparseAutoencoder.dir\Release\link.2732.write.1.tlog
C:\Users\USER\Documents\Visual Studio 2010\Projects\SparseAutoencoder\vs2010\SparseAutoencoder.dir\Release\link.2736.read.1.tlog
C:\Users\USER\Documents\Visual Studio 2010\Projects\SparseAutoencoder\vs2010\SparseAutoencoder.dir\Release\link.2736.write.1.tlog
C:\Users\USER\Documents\Visual Studio 2010\Projects\SparseAutoencoder\vs2010\SparseAutoencoder.dir\Release\link.2924.read.1.tlog
C:\Users\USER\Documents\Visual Studio 2010\Projects\SparseAutoencoder\vs2010\SparseAutoencoder.dir\Release\link.2924.write.1.tlog
C:\Users\USER\Documents\Visual Studio 2010\Projects\SparseAutoencoder\vs2010\SparseAutoencoder.dir\Release\link.3024.read.1.tlog
C:\Users\USER\Documents\Visual Studio 2010\Projects\SparseAutoencoder\vs2010\SparseAutoencoder.dir\Release\link.3024.write.1.tlog
C:\Users\USER\Documents\Visual Studio 2010\Projects\SparseAutoencoder\vs2010\SparseAutoencoder.dir\Release\link.3100.read.1.tlog
C:\Users\USER\Documents\Visual Studio 2010\Projects\SparseAutoencoder\vs2010\SparseAutoencoder.dir\Release\link.3100.write.1.tlog
C:\Users\USER\Documents\Visual Studio 2010\Projects\SparseAutoencoder\vs2010\SparseAutoencoder.dir\Release\link.3228.read.1.tlog
C:\Users\USER\Documents\Visual Studio 2010\Projects\SparseAutoencoder\vs2010\SparseAutoencoder.dir\Release\link.3228.write.1.tlog
C:\Users\USER\Documents\Visual Studio 2010\Projects\SparseAutoencoder\vs2010\SparseAutoencoder.dir\Release\link.3260.read.1.tlog
C:\Users\USER\Documents\Visual Studio 2010\Projects\SparseAutoencoder\vs2010\SparseAutoencoder.dir\Release\link.3260.write.1.tlog
C:\Users\USER\Documents\Visual Studio 2010\Projects\SparseAutoencoder\vs2010\SparseAutoencoder.dir\Release\link.3264.read.1.tlog
C:\Users\USER\Documents\Visual Studio 2010\Projects\SparseAutoencoder\vs2010\SparseAutoencoder.dir\Release\link.3264.write.1.tlog
C:\Users\USER\Documents\Visual Studio 2010\Projects\SparseAutoencoder\vs2010\SparseAutoencoder.dir\Release\link.3272.read.1.tlog
C:\Users\USER\Documents\Visual Studio 2010\Projects\SparseAutoencoder\vs2010\SparseAutoencoder.dir\Release\link.3272.write.1.tlog
C:\Users\USER\Documents\Visual Studio 2010\Projects\SparseAutoencoder\vs2010\SparseAutoencoder.dir\Release\link.3276.read.1.tlog
C:\Users\USER\Documents\Visual Studio 2010\Projects\SparseAutoencoder\vs2010\SparseAutoencoder.dir\Release\link.3276.write.1.tlog
C:\Users\USER\Documents\Visual Studio 2010\Projects\SparseAutoencoder\vs2010\SparseAutoencoder.dir\Release\link.3280.read.1.tlog
C:\Users\USER\Documents\Visual Studio 2010\Projects\SparseAutoencoder\vs2010\SparseAutoencoder.dir\Release\link.3280.write.1.tlog
C:\Users\USER\Documents\Visual Studio 2010\Projects\SparseAutoencoder\vs2010\SparseAutoencoder.dir\Release\link.3312.read.1.tlog
C:\Users\USER\Documents\Visual Studio 2010\Projects\SparseAutoencoder\vs2010\SparseAutoencoder.dir\Release\link.3312.write.1.tlog
C:\Users\USER\Documents\Visual Studio 2010\Projects\SparseAutoencoder\vs2010\SparseAutoencoder.dir\Release\link.3376.read.1.tlog
C:\Users\USER\Documents\Visual Studio 2010\Projects\SparseAutoencoder\vs2010\SparseAutoencoder.dir\Release\link.3376.write.1.tlog
C:\Users\USER\Documents\Visual Studio 2010\Projects\SparseAutoencoder\vs2010\SparseAutoencoder.dir\Release\link.3388.read.1.tlog
C:\Users\USER\Documents\Visual Studio 2010\Projects\SparseAutoencoder\vs2010\SparseAutoencoder.dir\Release\link.3388.write.1.tlog
C:\Users\USER\Documents\Visual Studio 2010\Projects\SparseAutoencoder\vs2010\SparseAutoencoder.dir\Release\link.3412.read.1.tlog
C:\Users\USER\Documents\Visual Studio 2010\Projects\SparseAutoencoder\vs2010\SparseAutoencoder.dir\Release\link.3412.write.1.tlog
C:\Users\USER\Documents\Visual Studio 2010\Projects\SparseAutoencoder\vs2010\SparseAutoencoder.dir\Release\link.3416.read.1.tlog
C:\Users\USER\Documents\Visual Studio 2010\Projects\SparseAutoencoder\vs2010\SparseAutoencoder.dir\Release\link.3416.write.1.tlog
C:\Users\USER\Documents\Visual Studio 2010\Projects\SparseAutoencoder\vs2010\SparseAutoencoder.dir\Release\link.3428.read.1.tlog
C:\Users\USER\Documents\Visual Studio 2010\Projects\SparseAutoencoder\vs2010\SparseAutoencoder.dir\Release\link.3428.write.1.tlog
C:\Users\USER\Documents\Visual Studio 2010\Projects\SparseAutoencoder\vs2010\SparseAutoencoder.dir\Release\link.3432.read.1.tlog
C:\Users\USER\Documents\Visual Studio 2010\Projects\SparseAutoencoder\vs2010\SparseAutoencoder.dir\Release\link.3432.write.1.tlog
C:\Users\USER\Documents\Visual Studio 2010\Projects\SparseAutoencoder\vs2010\SparseAutoencoder.dir\Release\link.3456.read.1.tlog
C:\Users\USER\Documents\Visual Studio 2010\Projects\SparseAutoencoder\vs2010\SparseAutoencoder.dir\Release\link.3456.write.1.tlog
C:\Users\USER\Documents\Visual Studio 2010\Projects\SparseAutoencoder\vs2010\SparseAutoencoder.dir\Release\link.3464.read.1.tlog
C:\Users\USER\Documents\Visual Studio 2010\Projects\SparseAutoencoder\vs2010\SparseAutoencoder.dir\Release\link.3464.write.1.tlog
C:\Users\USER\Documents\Visual Studio 2010\Projects\SparseAutoencoder\vs2010\SparseAutoencoder.dir\Release\link.3524.read.1.tlog
C:\Users\USER\Documents\Visual Studio 2010\Projects\SparseAutoencoder\vs2010\SparseAutoencoder.dir\Release\link.3524.write.1.tlog
C:\Users\USER\Documents\Visual Studio 2010\Projects\SparseAutoencoder\vs2010\SparseAutoencoder.dir\Release\link.3544.read.1.tlog
C:\Users\USER\Documents\Visual Studio 2010\Projects\SparseAutoencoder\vs2010\SparseAutoencoder.dir\Release\link.3544.write.1.tlog
C:\Users\USER\Documents\Visual Studio 2010\Projects\SparseAutoencoder\vs2010\SparseAutoencoder.dir\Release\link.3612.read.1.tlog
C:\Users\USER\Documents\Visual Studio 2010\Projects\SparseAutoencoder\vs2010\SparseAutoencoder.dir\Release\link.3612.write.1.tlog
C:\Users\USER\Documents\Visual Studio 2010\Projects\SparseAutoencoder\vs2010\SparseAutoencoder.dir\Release\link.3664.read.1.tlog
C:\Users\USER\Documents\Visual Studio 2010\Projects\SparseAutoencoder\vs2010\SparseAutoencoder.dir\Release\link.3664.write.1.tlog
C:\Users\USER\Documents\Visual Studio 2010\Projects\SparseAutoencoder\vs2010\SparseAutoencoder.dir\Release\link.3676.read.1.tlog
C:\Users\USER\Documents\Visual Studio 2010\Projects\SparseAutoencoder\vs2010\SparseAutoencoder.dir\Release\link.3676.write.1.tlog
C:\Users\USER\Documents\Visual Studio 2010\Projects\SparseAutoencoder\vs2010\SparseAutoencoder.dir\Release\link.3680.read.1.tlog
C:\Users\USER\Documents\Visual Studio 2010\Projects\SparseAutoencoder\vs2010\SparseAutoencoder.dir\Release\link.3680.write.1.tlog
C:\Users\USER\Documents\Visual Studio 2010\Projects\SparseAutoencoder\vs2010\SparseAutoencoder.dir\Release\link.3700.read.1.tlog
C:\Users\USER\Documents\Visual Studio 2010\Projects\SparseAutoencoder\vs2010\SparseAutoencoder.dir\Release\link.3700.write.1.tlog
C:\Users\USER\Documents\Visual Studio 2010\Projects\SparseAutoencoder\vs2010\SparseAutoencoder.dir\Release\link.3720.read.1.tlog
C:\Users\USER\Documents\Visual Studio 2010\Projects\SparseAutoencoder\vs2010\SparseAutoencoder.dir\Release\link.3720.write.1.tlog
C:\Users\USER\Documents\Visual Studio 2010\Projects\SparseAutoencoder\vs2010\SparseAutoencoder.dir\Release\link.3736.read.1.tlog
C:\Users\USER\Documents\Visual Studio 2010\Projects\SparseAutoencoder\vs2010\SparseAutoencoder.dir\Release\link.3736.write.1.tlog
C:\Users\USER\Documents\Visual Studio 2010\Projects\SparseAutoencoder\vs2010\SparseAutoencoder.dir\Release\link.3744.read.1.tlog
C:\Users\USER\Documents\Visual Studio 2010\Projects\SparseAutoencoder\vs2010\SparseAutoencoder.dir\Release\link.3744.write.1.tlog
C:\Users\USER\Documents\Visual Studio 2010\Projects\SparseAutoencoder\vs2010\SparseAutoencoder.dir\Release\link.3776.read.1.tlog
C:\Users\USER\Documents\Visual Studio 2010\Projects\SparseAutoencoder\vs2010\SparseAutoencoder.dir\Release\link.3776.write.1.tlog
C:\Users\USER\Documents\Visual Studio 2010\Projects\SparseAutoencoder\vs2010\SparseAutoencoder.dir\Release\link.392.read.1.tlog
C:\Users\USER\Documents\Visual Studio 2010\Projects\SparseAutoencoder\vs2010\SparseAutoencoder.dir\Release\link.392.write.1.tlog
C:\Users\USER\Documents\Visual Studio 2010\Projects\SparseAutoencoder\vs2010\SparseAutoencoder.dir\Release\link.3968.read.1.tlog
C:\Users\USER\Documents\Visual Studio 2010\Projects\SparseAutoencoder\vs2010\SparseAutoencoder.dir\Release\link.3968.write.1.tlog
C:\Users\USER\Documents\Visual Studio 2010\Projects\SparseAutoencoder\vs2010\SparseAutoencoder.dir\Release\link.3972.read.1.tlog
C:\Users\USER\Documents\Visual Studio 2010\Projects\SparseAutoencoder\vs2010\SparseAutoencoder.dir\Release\link.3972.write.1.tlog
C:\Users\USER\Documents\Visual Studio 2010\Projects\SparseAutoencoder\vs2010\SparseAutoencoder.dir\Release\link.3980.read.1.tlog
C:\Users\USER\Documents\Visual Studio 2010\Projects\SparseAutoencoder\vs2010\SparseAutoencoder.dir\Release\link.3980.write.1.tlog
C:\Users\USER\Documents\Visual Studio 2010\Projects\SparseAutoencoder\vs2010\SparseAutoencoder.dir\Release\link.3992.read.1.tlog
C:\Users\USER\Documents\Visual Studio 2010\Projects\SparseAutoencoder\vs2010\SparseAutoencoder.dir\Release\link.3992.write.1.tlog
C:\Users\USER\Documents\Visual Studio 2010\Projects\SparseAutoencoder\vs2010\SparseAutoencoder.dir\Release\link.4004.read.1.tlog
C:\Users\USER\Documents\Visual Studio 2010\Projects\SparseAutoencoder\vs2010\SparseAutoencoder.dir\Release\link.4004.write.1.tlog
C:\Users\USER\Documents\Visual Studio 2010\Projects\SparseAutoencoder\vs2010\SparseAutoencoder.dir\Release\link.4012.read.1.tlog
C:\Users\USER\Documents\Visual Studio 2010\Projects\SparseAutoencoder\vs2010\SparseAutoencoder.dir\Release\link.4012.write.1.tlog
C:\Users\USER\Documents\Visual Studio 2010\Projects\SparseAutoencoder\vs2010\SparseAutoencoder.dir\Release\link.4024.read.1.tlog
C:\Users\USER\Documents\Visual Studio 2010\Projects\SparseAutoencoder\vs2010\SparseAutoencoder.dir\Release\link.4024.write.1.tlog
C:\Users\USER\Documents\Visual Studio 2010\Projects\SparseAutoencoder\vs2010\SparseAutoencoder.dir\Release\link.4052.read.1.tlog
C:\Users\USER\Documents\Visual Studio 2010\Projects\SparseAutoencoder\vs2010\SparseAutoencoder.dir\Release\link.4052.write.1.tlog
C:\Users\USER\Documents\Visual Studio 2010\Projects\SparseAutoencoder\vs2010\SparseAutoencoder.dir\Release\link.4088.read.1.tlog
C:\Users\USER\Documents\Visual Studio 2010\Projects\SparseAutoencoder\vs2010\SparseAutoencoder.dir\Release\link.4088.write.1.tlog
C:\Users\USER\Documents\Visual Studio 2010\Projects\SparseAutoencoder\vs2010\SparseAutoencoder.dir\Release\link.4092.read.1.tlog
C:\Users\USER\Documents\Visual Studio 2010\Projects\SparseAutoencoder\vs2010\SparseAutoencoder.dir\Release\link.4092.write.1.tlog
C:\Users\USER\Documents\Visual Studio 2010\Projects\SparseAutoencoder\vs2010\SparseAutoencoder.dir\Release\link.4128.read.1.tlog
C:\Users\USER\Documents\Visual Studio 2010\Projects\SparseAutoencoder\vs2010\SparseAutoencoder.dir\Release\link.4128.write.1.tlog
C:\Users\USER\Documents\Visual Studio 2010\Projects\SparseAutoencoder\vs2010\SparseAutoencoder.dir\Release\link.4148.read.1.tlog
C:\Users\USER\Documents\Visual Studio 2010\Projects\SparseAutoencoder\vs2010\SparseAutoencoder.dir\Release\link.4148.write.1.tlog
C:\Users\USER\Documents\Visual Studio 2010\Projects\SparseAutoencoder\vs2010\SparseAutoencoder.dir\Release\link.4164.read.1.tlog
C:\Users\USER\Documents\Visual Studio 2010\Projects\SparseAutoencoder\vs2010\SparseAutoencoder.dir\Release\link.4164.write.1.tlog
C:\Users\USER\Documents\Visual Studio 2010\Projects\SparseAutoencoder\vs2010\SparseAutoencoder.dir\Release\link.4172.read.1.tlog
C:\Users\USER\Documents\Visual Studio 2010\Projects\SparseAutoencoder\vs2010\SparseAutoencoder.dir\Release\link.4172.write.1.tlog
C:\Users\USER\Documents\Visual Studio 2010\Projects\SparseAutoencoder\vs2010\SparseAutoencoder.dir\Release\link.4176.read.1.tlog
C:\Users\USER\Documents\Visual Studio 2010\Projects\SparseAutoencoder\vs2010\SparseAutoencoder.dir\Release\link.4176.write.1.tlog
C:\Users\USER\Documents\Visual Studio 2010\Projects\SparseAutoencoder\vs2010\SparseAutoencoder.dir\Release\link.4212.read.1.tlog
C:\Users\USER\Documents\Visual Studio 2010\Projects\SparseAutoencoder\vs2010\SparseAutoencoder.dir\Release\link.4212.write.1.tlog
C:\Users\USER\Documents\Visual Studio 2010\Projects\SparseAutoencoder\vs2010\SparseAutoencoder.dir\Release\link.4240.read.1.tlog
C:\Users\USER\Documents\Visual Studio 2010\Projects\SparseAutoencoder\vs2010\SparseAutoencoder.dir\Release\link.4240.write.1.tlog
C:\Users\USER\Documents\Visual Studio 2010\Projects\SparseAutoencoder\vs2010\SparseAutoencoder.dir\Release\link.4244.read.1.tlog
C:\Users\USER\Documents\Visual Studio 2010\Projects\SparseAutoencoder\vs2010\SparseAutoencoder.dir\Release\link.4244.write.1.tlog
C:\Users\USER\Documents\Visual Studio 2010\Projects\SparseAutoencoder\vs2010\SparseAutoencoder.dir\Release\link.4248.read.1.tlog
C:\Users\USER\Documents\Visual Studio 2010\Projects\SparseAutoencoder\vs2010\SparseAutoencoder.dir\Release\link.4248.write.1.tlog
C:\Users\USER\Documents\Visual Studio 2010\Projects\SparseAutoencoder\vs2010\SparseAutoencoder.dir\Release\link.4256.read.1.tlog
C:\Users\USER\Documents\Visual Studio 2010\Projects\SparseAutoencoder\vs2010\SparseAutoencoder.dir\Release\link.4256.write.1.tlog
C:\Users\USER\Documents\Visual Studio 2010\Projects\SparseAutoencoder\vs2010\SparseAutoencoder.dir\Release\link.4260.read.1.tlog
C:\Users\USER\Documents\Visual Studio 2010\Projects\SparseAutoencoder\vs2010\SparseAutoencoder.dir\Release\link.4260.write.1.tlog
C:\Users\USER\Documents\Visual Studio 2010\Projects\SparseAutoencoder\vs2010\SparseAutoencoder.dir\Release\link.4264.read.1.tlog
C:\Users\USER\Documents\Visual Studio 2010\Projects\SparseAutoencoder\vs2010\SparseAutoencoder.dir\Release\link.4264.write.1.tlog
C:\Users\USER\Documents\Visual Studio 2010\Projects\SparseAutoencoder\vs2010\SparseAutoencoder.dir\Release\link.4268.read.1.tlog
C:\Users\USER\Documents\Visual Studio 2010\Projects\SparseAutoencoder\vs2010\SparseAutoencoder.dir\Release\link.4268.write.1.tlog
C:\Users\USER\Documents\Visual Studio 2010\Projects\SparseAutoencoder\vs2010\SparseAutoencoder.dir\Release\link.4272.read.1.tlog
C:\Users\USER\Documents\Visual Studio 2010\Projects\SparseAutoencoder\vs2010\SparseAutoencoder.dir\Release\link.4272.write.1.tlog
C:\Users\USER\Documents\Visual Studio 2010\Projects\SparseAutoencoder\vs2010\SparseAutoencoder.dir\Release\link.4276.read.1.tlog
C:\Users\USER\Documents\Visual Studio 2010\Projects\SparseAutoencoder\vs2010\SparseAutoencoder.dir\Release\link.4276.write.1.tlog
C:\Users\USER\Documents\Visual Studio 2010\Projects\SparseAutoencoder\vs2010\SparseAutoencoder.dir\Release\link.4300.read.1.tlog
C:\Users\USER\Documents\Visual Studio 2010\Projects\SparseAutoencoder\vs2010\SparseAutoencoder.dir\Release\link.4300.write.1.tlog
C:\Users\USER\Documents\Visual Studio 2010\Projects\SparseAutoencoder\vs2010\SparseAutoencoder.dir\Release\link.4316.read.1.tlog
C:\Users\USER\Documents\Visual Studio 2010\Projects\SparseAutoencoder\vs2010\SparseAutoencoder.dir\Release\link.4316.write.1.tlog
C:\Users\USER\Documents\Visual Studio 2010\Projects\SparseAutoencoder\vs2010\SparseAutoencoder.dir\Release\link.4392.read.1.tlog
C:\Users\USER\Documents\Visual Studio 2010\Projects\SparseAutoencoder\vs2010\SparseAutoencoder.dir\Release\link.4392.write.1.tlog
C:\Users\USER\Documents\Visual Studio 2010\Projects\SparseAutoencoder\vs2010\SparseAutoencoder.dir\Release\link.4400.read.1.tlog
C:\Users\USER\Documents\Visual Studio 2010\Projects\SparseAutoencoder\vs2010\SparseAutoencoder.dir\Release\link.4400.write.1.tlog
C:\Users\USER\Documents\Visual Studio 2010\Projects\SparseAutoencoder\vs2010\SparseAutoencoder.dir\Release\link.4404.read.1.tlog
C:\Users\USER\Documents\Visual Studio 2010\Projects\SparseAutoencoder\vs2010\SparseAutoencoder.dir\Release\link.4404.write.1.tlog
C:\Users\USER\Documents\Visual Studio 2010\Projects\SparseAutoencoder\vs2010\SparseAutoencoder.dir\Release\link.4408.read.1.tlog
C:\Users\USER\Documents\Visual Studio 2010\Projects\SparseAutoencoder\vs2010\SparseAutoencoder.dir\Release\link.4408.write.1.tlog
C:\Users\USER\Documents\Visual Studio 2010\Projects\SparseAutoencoder\vs2010\SparseAutoencoder.dir\Release\link.4432.read.1.tlog
C:\Users\USER\Documents\Visual Studio 2010\Projects\SparseAutoencoder\vs2010\SparseAutoencoder.dir\Release\link.4432.write.1.tlog
C:\Users\USER\Documents\Visual Studio 2010\Projects\SparseAutoencoder\vs2010\SparseAutoencoder.dir\Release\link.4468.read.1.tlog
C:\Users\USER\Documents\Visual Studio 2010\Projects\SparseAutoencoder\vs2010\SparseAutoencoder.dir\Release\link.4468.write.1.tlog
C:\Users\USER\Documents\Visual Studio 2010\Projects\SparseAutoencoder\vs2010\SparseAutoencoder.dir\Release\link.4480.read.1.tlog
C:\Users\USER\Documents\Visual Studio 2010\Projects\SparseAutoencoder\vs2010\SparseAutoencoder.dir\Release\link.4480.write.1.tlog
C:\Users\USER\Documents\Visual Studio 2010\Projects\SparseAutoencoder\vs2010\SparseAutoencoder.dir\Release\link.452.read.1.tlog
C:\Users\USER\Documents\Visual Studio 2010\Projects\SparseAutoencoder\vs2010\SparseAutoencoder.dir\Release\link.452.write.1.tlog
C:\Users\USER\Documents\Visual Studio 2010\Projects\SparseAutoencoder\vs2010\SparseAutoencoder.dir\Release\link.4540.read.1.tlog
C:\Users\USER\Documents\Visual Studio 2010\Projects\SparseAutoencoder\vs2010\SparseAutoencoder.dir\Release\link.4540.write.1.tlog
C:\Users\USER\Documents\Visual Studio 2010\Projects\SparseAutoencoder\vs2010\SparseAutoencoder.dir\Release\link.4544.read.1.tlog
C:\Users\USER\Documents\Visual Studio 2010\Projects\SparseAutoencoder\vs2010\SparseAutoencoder.dir\Release\link.4544.write.1.tlog
C:\Users\USER\Documents\Visual Studio 2010\Projects\SparseAutoencoder\vs2010\SparseAutoencoder.dir\Release\link.4552.read.1.tlog
C:\Users\USER\Documents\Visual Studio 2010\Projects\SparseAutoencoder\vs2010\SparseAutoencoder.dir\Release\link.4552.write.1.tlog
C:\Users\USER\Documents\Visual Studio 2010\Projects\SparseAutoencoder\vs2010\SparseAutoencoder.dir\Release\link.4592.read.1.tlog
C:\Users\USER\Documents\Visual Studio 2010\Projects\SparseAutoencoder\vs2010\SparseAutoencoder.dir\Release\link.4592.write.1.tlog
C:\Users\USER\Documents\Visual Studio 2010\Projects\SparseAutoencoder\vs2010\SparseAutoencoder.dir\Release\link.4596.read.1.tlog
C:\Users\USER\Documents\Visual Studio 2010\Projects\SparseAutoencoder\vs2010\SparseAutoencoder.dir\Release\link.4596.write.1.tlog
C:\Users\USER\Documents\Visual Studio 2010\Projects\SparseAutoencoder\vs2010\SparseAutoencoder.dir\Release\link.4600.read.1.tlog
C:\Users\USER\Documents\Visual Studio 2010\Projects\SparseAutoencoder\vs2010\SparseAutoencoder.dir\Release\link.4600.write.1.tlog
C:\Users\USER\Documents\Visual Studio 2010\Projects\SparseAutoencoder\vs2010\SparseAutoencoder.dir\Release\link.4624.read.1.tlog
C:\Users\USER\Documents\Visual Studio 2010\Projects\SparseAutoencoder\vs2010\SparseAutoencoder.dir\Release\link.4624.write.1.tlog
C:\Users\USER\Documents\Visual Studio 2010\Projects\SparseAutoencoder\vs2010\SparseAutoencoder.dir\Release\link.4628.read.1.tlog
C:\Users\USER\Documents\Visual Studio 2010\Projects\SparseAutoencoder\vs2010\SparseAutoencoder.dir\Release\link.4628.write.1.tlog
C:\Users\USER\Documents\Visual Studio 2010\Projects\SparseAutoencoder\vs2010\SparseAutoencoder.dir\Release\link.4640.read.1.tlog
C:\Users\USER\Documents\Visual Studio 2010\Projects\SparseAutoencoder\vs2010\SparseAutoencoder.dir\Release\link.4640.write.1.tlog
C:\Users\USER\Documents\Visual Studio 2010\Projects\SparseAutoencoder\vs2010\SparseAutoencoder.dir\Release\link.4660.read.1.tlog
C:\Users\USER\Documents\Visual Studio 2010\Projects\SparseAutoencoder\vs2010\SparseAutoencoder.dir\Release\link.4660.write.1.tlog
C:\Users\USER\Documents\Visual Studio 2010\Projects\SparseAutoencoder\vs2010\SparseAutoencoder.dir\Release\link.4696.read.1.tlog
C:\Users\USER\Documents\Visual Studio 2010\Projects\SparseAutoencoder\vs2010\SparseAutoencoder.dir\Release\link.4696.write.1.tlog
C:\Users\USER\Documents\Visual Studio 2010\Projects\SparseAutoencoder\vs2010\SparseAutoencoder.dir\Release\link.4704.read.1.tlog
C:\Users\USER\Documents\Visual Studio 2010\Projects\SparseAutoencoder\vs2010\SparseAutoencoder.dir\Release\link.4704.write.1.tlog
C:\Users\USER\Documents\Visual Studio 2010\Projects\SparseAutoencoder\vs2010\SparseAutoencoder.dir\Release\link.4716.read.1.tlog
C:\Users\USER\Documents\Visual Studio 2010\Projects\SparseAutoencoder\vs2010\SparseAutoencoder.dir\Release\link.4716.write.1.tlog
C:\Users\USER\Documents\Visual Studio 2010\Projects\SparseAutoencoder\vs2010\SparseAutoencoder.dir\Release\link.4748.read.1.tlog
C:\Users\USER\Documents\Visual Studio 2010\Projects\SparseAutoencoder\vs2010\SparseAutoencoder.dir\Release\link.4748.write.1.tlog
C:\Users\USER\Documents\Visual Studio 2010\Projects\SparseAutoencoder\vs2010\SparseAutoencoder.dir\Release\link.4752.read.1.tlog
C:\Users\USER\Documents\Visual Studio 2010\Projects\SparseAutoencoder\vs2010\SparseAutoencoder.dir\Release\link.4752.write.1.tlog
C:\Users\USER\Documents\Visual Studio 2010\Projects\SparseAutoencoder\vs2010\SparseAutoencoder.dir\Release\link.4772.read.1.tlog
C:\Users\USER\Documents\Visual Studio 2010\Projects\SparseAutoencoder\vs2010\SparseAutoencoder.dir\Release\link.4772.write.1.tlog
C:\Users\USER\Documents\Visual Studio 2010\Projects\SparseAutoencoder\vs2010\SparseAutoencoder.dir\Release\link.4792.read.1.tlog
C:\Users\USER\Documents\Visual Studio 2010\Projects\SparseAutoencoder\vs2010\SparseAutoencoder.dir\Release\link.4792.write.1.tlog
C:\Users\USER\Documents\Visual Studio 2010\Projects\SparseAutoencoder\vs2010\SparseAutoencoder.dir\Release\link.4816.read.1.tlog
C:\Users\USER\Documents\Visual Studio 2010\Projects\SparseAutoencoder\vs2010\SparseAutoencoder.dir\Release\link.4816.write.1.tlog
C:\Users\USER\Documents\Visual Studio 2010\Projects\SparseAutoencoder\vs2010\SparseAutoencoder.dir\Release\link.4836.read.1.tlog
C:\Users\USER\Documents\Visual Studio 2010\Projects\SparseAutoencoder\vs2010\SparseAutoencoder.dir\Release\link.4836.write.1.tlog
C:\Users\USER\Documents\Visual Studio 2010\Projects\SparseAutoencoder\vs2010\SparseAutoencoder.dir\Release\link.4844.read.1.tlog
C:\Users\USER\Documents\Visual Studio 2010\Projects\SparseAutoencoder\vs2010\SparseAutoencoder.dir\Release\link.4844.write.1.tlog
C:\Users\USER\Documents\Visual Studio 2010\Projects\SparseAutoencoder\vs2010\SparseAutoencoder.dir\Release\link.4864.read.1.tlog
C:\Users\USER\Documents\Visual Studio 2010\Projects\SparseAutoencoder\vs2010\SparseAutoencoder.dir\Release\link.4864.write.1.tlog
C:\Users\USER\Documents\Visual Studio 2010\Projects\SparseAutoencoder\vs2010\SparseAutoencoder.dir\Release\link.4876.read.1.tlog
C:\Users\USER\Documents\Visual Studio 2010\Projects\SparseAutoencoder\vs2010\SparseAutoencoder.dir\Release\link.4876.write.1.tlog
C:\Users\USER\Documents\Visual Studio 2010\Projects\SparseAutoencoder\vs2010\SparseAutoencoder.dir\Release\link.4892.read.1.tlog
C:\Users\USER\Documents\Visual Studio 2010\Projects\SparseAutoencoder\vs2010\SparseAutoencoder.dir\Release\link.4892.write.1.tlog
C:\Users\USER\Documents\Visual Studio 2010\Projects\SparseAutoencoder\vs2010\SparseAutoencoder.dir\Release\link.4916.read.1.tlog
C:\Users\USER\Documents\Visual Studio 2010\Projects\SparseAutoencoder\vs2010\SparseAutoencoder.dir\Release\link.4916.write.1.tlog
C:\Users\USER\Documents\Visual Studio 2010\Projects\SparseAutoencoder\vs2010\SparseAutoencoder.dir\Release\link.4932.read.1.tlog
C:\Users\USER\Documents\Visual Studio 2010\Projects\SparseAutoencoder\vs2010\SparseAutoencoder.dir\Release\link.4932.write.1.tlog
C:\Users\USER\Documents\Visual Studio 2010\Projects\SparseAutoencoder\vs2010\SparseAutoencoder.dir\Release\link.4948.read.1.tlog
C:\Users\USER\Documents\Visual Studio 2010\Projects\SparseAutoencoder\vs2010\SparseAutoencoder.dir\Release\link.4948.write.1.tlog
C:\Users\USER\Documents\Visual Studio 2010\Projects\SparseAutoencoder\vs2010\SparseAutoencoder.dir\Release\link.4968.read.1.tlog
C:\Users\USER\Documents\Visual Studio 2010\Projects\SparseAutoencoder\vs2010\SparseAutoencoder.dir\Release\link.4968.write.1.tlog
C:\Users\USER\Documents\Visual Studio 2010\Projects\SparseAutoencoder\vs2010\SparseAutoencoder.dir\Release\link.4972.read.1.tlog
C:\Users\USER\Documents\Visual Studio 2010\Projects\SparseAutoencoder\vs2010\SparseAutoencoder.dir\Release\link.4972.write.1.tlog
C:\Users\USER\Documents\Visual Studio 2010\Projects\SparseAutoencoder\vs2010\SparseAutoencoder.dir\Release\link.4984.read.1.tlog
C:\Users\USER\Documents\Visual Studio 2010\Projects\SparseAutoencoder\vs2010\SparseAutoencoder.dir\Release\link.4984.write.1.tlog
C:\Users\USER\Documents\Visual Studio 2010\Projects\SparseAutoencoder\vs2010\SparseAutoencoder.dir\Release\link.5004.read.1.tlog
C:\Users\USER\Documents\Visual Studio 2010\Projects\SparseAutoencoder\vs2010\SparseAutoencoder.dir\Release\link.5004.write.1.tlog
C:\Users\USER\Documents\Visual Studio 2010\Projects\SparseAutoencoder\vs2010\SparseAutoencoder.dir\Release\link.5008.read.1.tlog
C:\Users\USER\Documents\Visual Studio 2010\Projects\SparseAutoencoder\vs2010\SparseAutoencoder.dir\Release\link.5008.write.1.tlog
C:\Users\USER\Documents\Visual Studio 2010\Projects\SparseAutoencoder\vs2010\SparseAutoencoder.dir\Release\link.504.read.1.tlog
C:\Users\USER\Documents\Visual Studio 2010\Projects\SparseAutoencoder\vs2010\SparseAutoencoder.dir\Release\link.504.write.1.tlog
C:\Users\USER\Documents\Visual Studio 2010\Projects\SparseAutoencoder\vs2010\SparseAutoencoder.dir\Release\link.5092.read.1.tlog
C:\Users\USER\Documents\Visual Studio 2010\Projects\SparseAutoencoder\vs2010\SparseAutoencoder.dir\Release\link.5092.write.1.tlog
C:\Users\USER\Documents\Visual Studio 2010\Projects\SparseAutoencoder\vs2010\SparseAutoencoder.dir\Release\link.5108.read.1.tlog
C:\Users\USER\Documents\Visual Studio 2010\Projects\SparseAutoencoder\vs2010\SparseAutoencoder.dir\Release\link.5108.write.1.tlog
C:\Users\USER\Documents\Visual Studio 2010\Projects\SparseAutoencoder\vs2010\SparseAutoencoder.dir\Release\link.512.read.1.tlog
C:\Users\USER\Documents\Visual Studio 2010\Projects\SparseAutoencoder\vs2010\SparseAutoencoder.dir\Release\link.512.write.1.tlog
C:\Users\USER\Documents\Visual Studio 2010\Projects\SparseAutoencoder\vs2010\SparseAutoencoder.dir\Release\link.5672.read.1.tlog
C:\Users\USER\Documents\Visual Studio 2010\Projects\SparseAutoencoder\vs2010\SparseAutoencoder.dir\Release\link.5672.write.1.tlog
C:\Users\USER\Documents\Visual Studio 2010\Projects\SparseAutoencoder\vs2010\SparseAutoencoder.dir\Release\link.5704.read.1.tlog
C:\Users\USER\Documents\Visual Studio 2010\Projects\SparseAutoencoder\vs2010\SparseAutoencoder.dir\Release\link.5704.write.1.tlog
C:\Users\USER\Documents\Visual Studio 2010\Projects\SparseAutoencoder\vs2010\SparseAutoencoder.dir\Release\link.5904.read.1.tlog
C:\Users\USER\Documents\Visual Studio 2010\Projects\SparseAutoencoder\vs2010\SparseAutoencoder.dir\Release\link.5904.write.1.tlog
C:\Users\USER\Documents\Visual Studio 2010\Projects\SparseAutoencoder\vs2010\SparseAutoencoder.dir\Release\link.6136.read.1.tlog
C:\Users\USER\Documents\Visual Studio 2010\Projects\SparseAutoencoder\vs2010\SparseAutoencoder.dir\Release\link.6136.write.1.tlog
C:\Users\USER\Documents\Visual Studio 2010\Projects\SparseAutoencoder\vs2010\SparseAutoencoder.dir\Release\link.6468.read.1.tlog
C:\Users\USER\Documents\Visual Studio 2010\Projects\SparseAutoencoder\vs2010\SparseAutoencoder.dir\Release\link.6468.write.1.tlog
C:\Users\USER\Documents\Visual Studio 2010\Projects\SparseAutoencoder\vs2010\SparseAutoencoder.dir\Release\link.6656.read.1.tlog
C:\Users\USER\Documents\Visual Studio 2010\Projects\SparseAutoencoder\vs2010\SparseAutoencoder.dir\Release\link.6656.write.1.tlog
C:\Users\USER\Documents\Visual Studio 2010\Projects\SparseAutoencoder\vs2010\SparseAutoencoder.dir\Release\link.6692.read.1.tlog
C:\Users\USER\Documents\Visual Studio 2010\Projects\SparseAutoencoder\vs2010\SparseAutoencoder.dir\Release\link.6692.write.1.tlog
C:\Users\USER\Documents\Visual Studio 2010\Projects\SparseAutoencoder\vs2010\SparseAutoencoder.dir\Release\link.6788.read.1.tlog
C:\Users\USER\Documents\Visual Studio 2010\Projects\SparseAutoencoder\vs2010\SparseAutoencoder.dir\Release\link.6788.write.1.tlog
C:\Users\USER\Documents\Visual Studio 2010\Projects\SparseAutoencoder\vs2010\SparseAutoencoder.dir\Release\link.6920.read.1.tlog
C:\Users\USER\Documents\Visual Studio 2010\Projects\SparseAutoencoder\vs2010\SparseAutoencoder.dir\Release\link.6920.write.1.tlog
C:\Users\USER\Documents\Visual Studio 2010\Projects\SparseAutoencoder\vs2010\SparseAutoencoder.dir\Release\link.7036.read.1.tlog
C:\Users\USER\Documents\Visual Studio 2010\Projects\SparseAutoencoder\vs2010\SparseAutoencoder.dir\Release\link.7036.write.1.tlog
C:\Users\USER\Documents\Visual Studio 2010\Projects\SparseAutoencoder\vs2010\SparseAutoencoder.dir\Release\link.7144.read.1.tlog
C:\Users\USER\Documents\Visual Studio 2010\Projects\SparseAutoencoder\vs2010\SparseAutoencoder.dir\Release\link.7144.write.1.tlog
C:\Users\USER\Documents\Visual Studio 2010\Projects\SparseAutoencoder\vs2010\SparseAutoencoder.dir\Release\link.728.read.1.tlog
C:\Users\USER\Documents\Visual Studio 2010\Projects\SparseAutoencoder\vs2010\SparseAutoencoder.dir\Release\link.728.write.1.tlog
C:\Users\USER\Documents\Visual Studio 2010\Projects\SparseAutoencoder\vs2010\SparseAutoencoder.dir\Release\link.748.read.1.tlog
C:\Users\USER\Documents\Visual Studio 2010\Projects\SparseAutoencoder\vs2010\SparseAutoencoder.dir\Release\link.748.write.1.tlog
C:\Users\USER\Documents\Visual Studio 2010\Projects\SparseAutoencoder\vs2010\SparseAutoencoder.dir\Release\link.756.read.1.tlog
C:\Users\USER\Documents\Visual Studio 2010\Projects\SparseAutoencoder\vs2010\SparseAutoencoder.dir\Release\link.756.write.1.tlog
C:\Users\USER\Documents\Visual Studio 2010\Projects\SparseAutoencoder\vs2010\SparseAutoencoder.dir\Release\link.900.read.1.tlog
C:\Users\USER\Documents\Visual Studio 2010\Projects\SparseAutoencoder\vs2010\SparseAutoencoder.dir\Release\link.900.write.1.tlog
C:\Users\USER\Documents\Visual Studio 2010\Projects\SparseAutoencoder\vs2010\SparseAutoencoder.dir\Release\link.940.read.1.tlog
C:\Users\USER\Documents\Visual Studio 2010\Projects\SparseAutoencoder\vs2010\SparseAutoencoder.dir\Release\link.940.write.1.tlog
C:\Users\USER\Documents\Visual Studio 2010\Projects\SparseAutoencoder\vs2010\SparseAutoencoder.dir\Release\link.command.1.tlog
C:\Users\USER\Documents\Visual Studio 2010\Projects\SparseAutoencoder\vs2010\SparseAutoencoder.dir\Release\link.read.1.tlog
C:\Users\USER\Documents\Visual Studio 2010\Projects\SparseAutoencoder\vs2010\SparseAutoencoder.dir\Release\link.write.1.tlog
C:\USERS\USER\DOCUMENTS\VISUAL STUDIO 2010\PROJECTS\SPARSEAUTOENCODER\VS2010\SPARSEAUTOENCODER.DIR\RELEASE\MAIN.OBJ
C:\Users\USER\Documents\Visual Studio 2010\Projects\SparseAutoencoder\vs2010\SparseAutoencoder.dir\Release\mt.command.1.tlog
C:\Users\USER\Documents\Visual Studio 2010\Projects\SparseAutoencoder\vs2010\SparseAutoencoder.dir\Release\mt.read.1.tlog
C:\Users\USER\Documents\Visual Studio 2010\Projects\SparseAutoencoder\vs2010\SparseAutoencoder.dir\Release\mt.write.1.tlog
C:\USERS\USER\DOCUMENTS\VISUAL STUDIO 2010\PROJECTS\SPARSEAUTOENCODER\VS2010\SPARSEAUTOENCODER.DIR\RELEASE\SPARSEAUTOENCODER.EXE.INTERMEDIATE.MANIFEST
C:\Users\USER\Documents\Visual Studio 2010\Projects\SparseAutoencoder\vs2010\SparseAutoencoder.dir\Release\SparseAutoencoder.write.1.tlog
