C:\USERS\USER\DOCUMENTS\VISUAL STUDIO 2010\PROJECTS\SPARSEAUTOENCODER\VS2010\CMAKEFILES\GENERATE.STAMP
C:\USERS\USER\DOCUMENTS\VISUAL STUDIO 2010\PROJECTS\SPARSEAUTOENCODER\VS2010\DEBUG\SPARSEAUTOENCODER.EXE
C:\USERS\USER\DOCUMENTS\VISUAL STUDIO 2010\PROJECTS\SPARSEAUTOENCODER\VS2010\DEBUG\SPARSEAUTOENCODER.ILK
C:\USERS\USER\DOCUMENTS\VISUAL STUDIO 2010\PROJECTS\SPARSEAUTOENCODER\VS2010\DEBUG\SPARSEAUTOENCODER.PDB
C:\Users\USER\Documents\Visual Studio 2010\Projects\SparseAutoencoder\vs2010\SparseAutoencoder.dir\Debug\cl.command.1.tlog
C:\Users\USER\Documents\Visual Studio 2010\Projects\SparseAutoencoder\vs2010\SparseAutoencoder.dir\Debug\CL.read.1.tlog
C:\Users\USER\Documents\Visual Studio 2010\Projects\SparseAutoencoder\vs2010\SparseAutoencoder.dir\Debug\CL.write.1.tlog
C:\Users\USER\Documents\Visual Studio 2010\Projects\SparseAutoencoder\vs2010\SparseAutoencoder.dir\Debug\custombuild.command.1.tlog
C:\Users\USER\Documents\Visual Studio 2010\Projects\SparseAutoencoder\vs2010\SparseAutoencoder.dir\Debug\custombuild.read.1.tlog
C:\Users\USER\Documents\Visual Studio 2010\Projects\SparseAutoencoder\vs2010\SparseAutoencoder.dir\Debug\custombuild.write.1.tlog
C:\Users\USER\Documents\Visual Studio 2010\Projects\SparseAutoencoder\vs2010\SparseAutoencoder.dir\Debug\link.1076.read.1.tlog
C:\Users\USER\Documents\Visual Studio 2010\Projects\SparseAutoencoder\vs2010\SparseAutoencoder.dir\Debug\link.1076.write.1.tlog
C:\Users\USER\Documents\Visual Studio 2010\Projects\SparseAutoencoder\vs2010\SparseAutoencoder.dir\Debug\link.1076-cvtres.read.1.tlog
C:\Users\USER\Documents\Visual Studio 2010\Projects\SparseAutoencoder\vs2010\SparseAutoencoder.dir\Debug\link.1076-cvtres.write.1.tlog
C:\Users\USER\Documents\Visual Studio 2010\Projects\SparseAutoencoder\vs2010\SparseAutoencoder.dir\Debug\link.1172.read.1.tlog
C:\Users\USER\Documents\Visual Studio 2010\Projects\SparseAutoencoder\vs2010\SparseAutoencoder.dir\Debug\link.1172.write.1.tlog
C:\Users\USER\Documents\Visual Studio 2010\Projects\SparseAutoencoder\vs2010\SparseAutoencoder.dir\Debug\link.1172-cvtres.read.1.tlog
C:\Users\USER\Documents\Visual Studio 2010\Projects\SparseAutoencoder\vs2010\SparseAutoencoder.dir\Debug\link.1172-cvtres.write.1.tlog
C:\Users\USER\Documents\Visual Studio 2010\Projects\SparseAutoencoder\vs2010\SparseAutoencoder.dir\Debug\link.1460.read.1.tlog
C:\Users\USER\Documents\Visual Studio 2010\Projects\SparseAutoencoder\vs2010\SparseAutoencoder.dir\Debug\link.1460.write.1.tlog
C:\Users\USER\Documents\Visual Studio 2010\Projects\SparseAutoencoder\vs2010\SparseAutoencoder.dir\Debug\link.1460-cvtres.read.1.tlog
C:\Users\USER\Documents\Visual Studio 2010\Projects\SparseAutoencoder\vs2010\SparseAutoencoder.dir\Debug\link.1460-cvtres.write.1.tlog
C:\Users\USER\Documents\Visual Studio 2010\Projects\SparseAutoencoder\vs2010\SparseAutoencoder.dir\Debug\link.1828.read.1.tlog
C:\Users\USER\Documents\Visual Studio 2010\Projects\SparseAutoencoder\vs2010\SparseAutoencoder.dir\Debug\link.1828.write.1.tlog
C:\Users\USER\Documents\Visual Studio 2010\Projects\SparseAutoencoder\vs2010\SparseAutoencoder.dir\Debug\link.1828-cvtres.read.1.tlog
C:\Users\USER\Documents\Visual Studio 2010\Projects\SparseAutoencoder\vs2010\SparseAutoencoder.dir\Debug\link.1828-cvtres.write.1.tlog
C:\Users\USER\Documents\Visual Studio 2010\Projects\SparseAutoencoder\vs2010\SparseAutoencoder.dir\Debug\link.1896.read.1.tlog
C:\Users\USER\Documents\Visual Studio 2010\Projects\SparseAutoencoder\vs2010\SparseAutoencoder.dir\Debug\link.1896.write.1.tlog
C:\Users\USER\Documents\Visual Studio 2010\Projects\SparseAutoencoder\vs2010\SparseAutoencoder.dir\Debug\link.1896-cvtres.read.1.tlog
C:\Users\USER\Documents\Visual Studio 2010\Projects\SparseAutoencoder\vs2010\SparseAutoencoder.dir\Debug\link.1896-cvtres.write.1.tlog
C:\Users\USER\Documents\Visual Studio 2010\Projects\SparseAutoencoder\vs2010\SparseAutoencoder.dir\Debug\link.2092.read.1.tlog
C:\Users\USER\Documents\Visual Studio 2010\Projects\SparseAutoencoder\vs2010\SparseAutoencoder.dir\Debug\link.2092.write.1.tlog
C:\Users\USER\Documents\Visual Studio 2010\Projects\SparseAutoencoder\vs2010\SparseAutoencoder.dir\Debug\link.2092-cvtres.read.1.tlog
C:\Users\USER\Documents\Visual Studio 2010\Projects\SparseAutoencoder\vs2010\SparseAutoencoder.dir\Debug\link.2092-cvtres.write.1.tlog
C:\Users\USER\Documents\Visual Studio 2010\Projects\SparseAutoencoder\vs2010\SparseAutoencoder.dir\Debug\link.4460.read.1.tlog
C:\Users\USER\Documents\Visual Studio 2010\Projects\SparseAutoencoder\vs2010\SparseAutoencoder.dir\Debug\link.4460.write.1.tlog
C:\Users\USER\Documents\Visual Studio 2010\Projects\SparseAutoencoder\vs2010\SparseAutoencoder.dir\Debug\link.4460-cvtres.read.1.tlog
C:\Users\USER\Documents\Visual Studio 2010\Projects\SparseAutoencoder\vs2010\SparseAutoencoder.dir\Debug\link.4460-cvtres.write.1.tlog
C:\Users\USER\Documents\Visual Studio 2010\Projects\SparseAutoencoder\vs2010\SparseAutoencoder.dir\Debug\link.5340.read.1.tlog
C:\Users\USER\Documents\Visual Studio 2010\Projects\SparseAutoencoder\vs2010\SparseAutoencoder.dir\Debug\link.5340.write.1.tlog
C:\Users\USER\Documents\Visual Studio 2010\Projects\SparseAutoencoder\vs2010\SparseAutoencoder.dir\Debug\link.5340-cvtres.read.1.tlog
C:\Users\USER\Documents\Visual Studio 2010\Projects\SparseAutoencoder\vs2010\SparseAutoencoder.dir\Debug\link.5340-cvtres.write.1.tlog
C:\Users\USER\Documents\Visual Studio 2010\Projects\SparseAutoencoder\vs2010\SparseAutoencoder.dir\Debug\link.5792.read.1.tlog
C:\Users\USER\Documents\Visual Studio 2010\Projects\SparseAutoencoder\vs2010\SparseAutoencoder.dir\Debug\link.5792.write.1.tlog
C:\Users\USER\Documents\Visual Studio 2010\Projects\SparseAutoencoder\vs2010\SparseAutoencoder.dir\Debug\link.5792-cvtres.read.1.tlog
C:\Users\USER\Documents\Visual Studio 2010\Projects\SparseAutoencoder\vs2010\SparseAutoencoder.dir\Debug\link.5792-cvtres.write.1.tlog
C:\Users\USER\Documents\Visual Studio 2010\Projects\SparseAutoencoder\vs2010\SparseAutoencoder.dir\Debug\link.6872.read.1.tlog
C:\Users\USER\Documents\Visual Studio 2010\Projects\SparseAutoencoder\vs2010\SparseAutoencoder.dir\Debug\link.6872.write.1.tlog
C:\Users\USER\Documents\Visual Studio 2010\Projects\SparseAutoencoder\vs2010\SparseAutoencoder.dir\Debug\link.6872-cvtres.read.1.tlog
C:\Users\USER\Documents\Visual Studio 2010\Projects\SparseAutoencoder\vs2010\SparseAutoencoder.dir\Debug\link.6872-cvtres.write.1.tlog
C:\Users\USER\Documents\Visual Studio 2010\Projects\SparseAutoencoder\vs2010\SparseAutoencoder.dir\Debug\link.command.1.tlog
C:\Users\USER\Documents\Visual Studio 2010\Projects\SparseAutoencoder\vs2010\SparseAutoencoder.dir\Debug\link.read.1.tlog
C:\Users\USER\Documents\Visual Studio 2010\Projects\SparseAutoencoder\vs2010\SparseAutoencoder.dir\Debug\link.write.1.tlog
C:\Users\USER\Documents\Visual Studio 2010\Projects\SparseAutoencoder\vs2010\SparseAutoencoder.dir\Debug\link-cvtres.read.1.tlog
C:\Users\USER\Documents\Visual Studio 2010\Projects\SparseAutoencoder\vs2010\SparseAutoencoder.dir\Debug\link-cvtres.write.1.tlog
C:\USERS\USER\DOCUMENTS\VISUAL STUDIO 2010\PROJECTS\SPARSEAUTOENCODER\VS2010\SPARSEAUTOENCODER.DIR\DEBUG\MAIN.OBJ
C:\USERS\USER\DOCUMENTS\VISUAL STUDIO 2010\PROJECTS\SPARSEAUTOENCODER\VS2010\SPARSEAUTOENCODER.DIR\DEBUG\MAIN_GD.OBJ
C:\Users\USER\Documents\Visual Studio 2010\Projects\SparseAutoencoder\vs2010\SparseAutoencoder.dir\Debug\mt.command.1.tlog
C:\Users\USER\Documents\Visual Studio 2010\Projects\SparseAutoencoder\vs2010\SparseAutoencoder.dir\Debug\mt.read.1.tlog
C:\Users\USER\Documents\Visual Studio 2010\Projects\SparseAutoencoder\vs2010\SparseAutoencoder.dir\Debug\mt.write.1.tlog
C:\Users\USER\Documents\Visual Studio 2010\Projects\SparseAutoencoder\vs2010\SparseAutoencoder.dir\Debug\rc.command.1.tlog
C:\Users\USER\Documents\Visual Studio 2010\Projects\SparseAutoencoder\vs2010\SparseAutoencoder.dir\Debug\rc.read.1.tlog
C:\Users\USER\Documents\Visual Studio 2010\Projects\SparseAutoencoder\vs2010\SparseAutoencoder.dir\Debug\rc.write.1.tlog
C:\USERS\USER\DOCUMENTS\VISUAL STUDIO 2010\PROJECTS\SPARSEAUTOENCODER\VS2010\SPARSEAUTOENCODER.DIR\DEBUG\SPARSEAUTOENCODER.EXE.EMBED.MANIFEST
C:\USERS\USER\DOCUMENTS\VISUAL STUDIO 2010\PROJECTS\SPARSEAUTOENCODER\VS2010\SPARSEAUTOENCODER.DIR\DEBUG\SPARSEAUTOENCODER.EXE.EMBED.MANIFEST.RES
C:\USERS\USER\DOCUMENTS\VISUAL STUDIO 2010\PROJECTS\SPARSEAUTOENCODER\VS2010\SPARSEAUTOENCODER.DIR\DEBUG\SPARSEAUTOENCODER.EXE.INTERMEDIATE.MANIFEST
C:\Users\USER\Documents\Visual Studio 2010\Projects\SparseAutoencoder\vs2010\SparseAutoencoder.dir\Debug\SparseAutoencoder.vcxprojResolveAssemblyReference.cache
C:\Users\USER\Documents\Visual Studio 2010\Projects\SparseAutoencoder\vs2010\SparseAutoencoder.dir\Debug\SparseAutoencoder.write.1.tlog
C:\Users\USER\Documents\Visual Studio 2010\Projects\SparseAutoencoder\vs2010\SparseAutoencoder.dir\Debug\SparseAutoencoder_manifest.rc
C:\USERS\USER\DOCUMENTS\VISUAL STUDIO 2010\PROJECTS\SPARSEAUTOENCODER\VS2010\SPARSEAUTOENCODER.DIR\DEBUG\WHITEN.OBJ
